<?xml version="1.0" encoding="UTF-8"?>
<!-- Generated by org.testng.reporters.JUnitReportReporter -->
<testsuite hostname="LW-WIN-7539" failures="0" tests="2" name="TestNG.test1" time="0.011" errors="0" timestamp="2023-07-16T04:15:05 IST" skipped="0">
  <testcase classname="TestNG.test1" name="TestA" time="0.006"/>
  <testcase classname="TestNG.test1" name="TestB" time="0.005"/>
</testsuite> <!-- TestNG.test1 -->
