<?xml version="1.0" encoding="UTF-8"?>
<!-- Generated by org.testng.reporters.JUnitReportReporter -->
<testsuite hostname="LW-WIN-7539" failures="0" tests="3" name="TestNG.test3" time="0.004" errors="0" timestamp="2023-07-16T04:15:05 IST" skipped="1">
  <testcase classname="TestNG.test3" name="WebHomeLoan" time="0.003"/>
  <testcase classname="TestNG.test3" name="APIHomeLoan" time="0.001"/>
  <testcase classname="TestNG.test3" name="MobileHomeLoan">
    <skipped/>
  </testcase> <!-- MobileHomeLoan -->
</testsuite> <!-- TestNG.test3 -->
