<?xml version="1.0" encoding="UTF-8"?>
<!-- Generated by org.testng.reporters.JUnitReportReporter -->
<testsuite hostname="LW-WIN-7539" failures="0" tests="4" name="TestNG.test2" time="0.009" errors="0" timestamp="2023-07-16T04:15:05 IST" skipped="0">
  <testcase classname="TestNG.test2" name="TestD" time="0.002"/>
  <testcase classname="TestNG.test2" name="TestD" time="0.003"/>
  <testcase classname="TestNG.test2" name="TestC" time="0.002"/>
  <testcase classname="TestNG.test2" name="TestD" time="0.002"/>
</testsuite> <!-- TestNG.test2 -->
