<?xml version="1.0" encoding="UTF-8"?>
<!-- Generated by org.testng.reporters.JUnitReportReporter -->
<testsuite hostname="LW-WIN-7539" failures="0" tests="1" name="oops_java_section17.PS1" time="0.005" errors="0" timestamp="2023-07-17T19:24:21 IST" skipped="0">
  <testcase classname="oops_java_section17.PS1" name="testRun" time="0.005"/>
</testsuite> <!-- oops_java_section17.PS1 -->
