<?xml version="1.0" encoding="UTF-8"?>
<!-- Generated by org.testng.reporters.JUnitReportReporter -->
<testsuite hostname="LW-WIN-7539" failures="0" tests="3" name="TestNG.test5" time="0.004" errors="0" timestamp="2023-07-16T04:15:05 IST" skipped="0">
  <testcase classname="TestNG.test5" name="TestD" time="0.002"/>
  <testcase classname="TestNG.test5" name="TestD" time="0.001"/>
  <testcase classname="TestNG.test5" name="TestD" time="0.001"/>
</testsuite> <!-- TestNG.test5 -->
