<?xml version="1.0" encoding="UTF-8"?>
<!-- Generated by org.testng.reporters.JUnitReportReporter -->
<testsuite hostname="LW-WIN-7539" failures="0" tests="3" name="TestNG.test4" time="0.014" errors="0" timestamp="2023-07-16T04:15:05 IST" skipped="0">
  <testcase classname="TestNG.test4" name="WebCarLoan" time="0.011"/>
  <testcase classname="TestNG.test4" name="MobileCarLoan" time="0.001"/>
  <testcase classname="TestNG.test4" name="APICarLoan" time="0.002"/>
</testsuite> <!-- TestNG.test4 -->
