<?xml version="1.0" encoding="UTF-8"?>
<!-- Generated by org.testng.reporters.JUnitReportReporter -->
<testsuite hostname="LW-WIN-7539" failures="0" tests="1" name="TestNG.hitNetflix" time="5.251" errors="0" timestamp="2023-07-16T04:15:05 IST" skipped="0">
  <testcase classname="TestNG.hitNetflix" name="netflix" time="5.251"/>
</testsuite> <!-- TestNG.hitNetflix -->
