<?xml version="1.0" encoding="UTF-8"?>
<!-- Generated by org.testng.reporters.JUnitReportReporter -->
<testsuite hostname="LW-WIN-7539" failures="0" tests="6" name="ReadingCompleteExcelFile" time="0.009" errors="0" timestamp="2023-09-14T19:29:36 IST" skipped="0">
  <testcase classname="ReadingCompleteExcelFile" name="dataSet" time="0.004"/>
  <testcase classname="ReadingCompleteExcelFile" name="dataSet" time="0.001"/>
  <testcase classname="ReadingCompleteExcelFile" name="dataSet" time="0.001"/>
  <testcase classname="ReadingCompleteExcelFile" name="dataSet" time="0.001"/>
  <testcase classname="ReadingCompleteExcelFile" name="dataSet" time="0.001"/>
  <testcase classname="ReadingCompleteExcelFile" name="dataSet" time="0.001"/>
</testsuite> <!-- ReadingCompleteExcelFile -->
